Microsoft (R) Visual C# Compiler version 4.6.1038.0
for C# 5
Copyright (C) Microsoft Corporation. All rights reserved.

This compiler is provided as part of the Microsoft (R) .NET Framework, but only supports language versions up to C# 5, which is no longer the latest version. For compilers that support newer versions of the C# programming language, see http://go.microsoft.com/fwlink/?LinkID=533240

src\Model\Player.cs(7,23): error CS0246: The type or namespace name 'IEnumerable' could not be found (are you missing a using directive or an assembly reference?)
src\GameController.cs(16,17): error CS0246: The type or namespace name 'Stack' could not be found (are you missing a using directive or an assembly reference?)
src\HighScoreController.cs(45,17): error CS0246: The type or namespace name 'List' could not be found (are you missing a using directive or an assembly reference?)
src\Model\AIHardPlayer.cs(102,10): error CS0246: The type or namespace name 'Stack' could not be found (are you missing a using directive or an assembly reference?)
src\Model\AIHardPlayer.cs(103,10): error CS0246: The type or namespace name 'List' could not be found (are you missing a using directive or an assembly reference?)
src\Model\AIMediumPlayer.cs(21,10): error CS0246: The type or namespace name 'Stack' could not be found (are you missing a using directive or an assembly reference?)
src\Model\AIPlayer.cs(13,18): warning CS0660: 'AIPlayer.Location' defines operator == or operator != but does not override Object.Equals(object o)
src\Model\AIPlayer.cs(13,18): warning CS0661: 'AIPlayer.Location' defines operator == or operator != but does not override Object.GetHashCode()
src\Model\Player.cs(19,10): error CS0246: The type or namespace name 'Dictionary' could not be found (are you missing a using directive or an assembly reference?)
src\Model\Player.cs(197,2): error CS0246: The type or namespace name 'IEnumerator' could not be found (are you missing a using directive or an assembly reference?)
src\Model\Player.cs(201,9): error CS0246: The type or namespace name 'IEnumerator' could not be found (are you missing a using directive or an assembly reference?)
src\Model\Player.cs(216,9): error CS0246: The type or namespace name 'IEnumerator' could not be found (are you missing a using directive or an assembly reference?)
src\Model\SeaGrid.cs(17,10): error CS0246: The type or namespace name 'Dictionary' could not be found (are you missing a using directive or an assembly reference?)
src\Model\SeaGrid.cs(97,17): error CS0246: The type or namespace name 'Dictionary' could not be found (are you missing a using directive or an assembly reference?)
src\Model\Ship.cs(16,10): error CS0246: The type or namespace name 'List' could not be found (are you missing a using directive or an assembly reference?)
src\UtilityFunctions.cs(22,26): error CS0246: The type or namespace name 'Color' could not be found (are you missing a using directive or an assembly reference?)
src\UtilityFunctions.cs(23,26): error CS0246: The type or namespace name 'Color' could not be found (are you missing a using directive or an assembly reference?)
src\UtilityFunctions.cs(24,26): error CS0246: The type or namespace name 'Color' could not be found (are you missing a using directive or an assembly reference?)
src\UtilityFunctions.cs(25,26): error CS0246: The type or namespace name 'Color' could not be found (are you missing a using directive or an assembly reference?)
src\UtilityFunctions.cs(27,26): error CS0246: The type or namespace name 'Color' could not be found (are you missing a using directive or an assembly reference?)
src\UtilityFunctions.cs(28,26): error CS0246: The type or namespace name 'Color' could not be found (are you missing a using directive or an assembly reference?)
src\UtilityFunctions.cs(29,26): error CS0246: The type or namespace name 'Color' could not be found (are you missing a using directive or an assembly reference?)
src\UtilityFunctions.cs(30,26): error CS0246: The type or namespace name 'Color' could not be found (are you missing a using directive or an assembly reference?)
src\UtilityFunctions.cs(32,26): error CS0246: The type or namespace name 'Color' could not be found (are you missing a using directive or an assembly reference?)
src\UtilityFunctions.cs(33,26): error CS0246: The type or namespace name 'Color' could not be found (are you missing a using directive or an assembly reference?)
src\UtilityFunctions.cs(34,26): error CS0246: The type or namespace name 'Color' could not be found (are you missing a using directive or an assembly reference?)
src\UtilityFunctions.cs(35,26): error CS0246: The type or namespace name 'Color' could not be found (are you missing a using directive or an assembly reference?)
src\UtilityFunctions.cs(298,22): error CS0246: The type or namespace name 'Sprite' could not be found (are you missing a using directive or an assembly reference?)
src\UtilityFunctions.cs(298,17): error CS0246: The type or namespace name 'List' could not be found (are you missing a using directive or an assembly reference?)
